[2025-04-03 09:16:22Z INFO HostContext] No proxy settings were found based on environmental variables (http_proxy/https_proxy/HTTP_PROXY/HTTPS_PROXY)
[2025-04-03 09:16:22Z INFO HostContext] Well known directory 'Bin': '/home/ctw04304/Pedro_academy/actions-runner/bin'
[2025-04-03 09:16:22Z INFO HostContext] Well known directory 'Root': '/home/ctw04304/Pedro_academy/actions-runner'
[2025-04-03 09:16:22Z INFO HostContext] Well known config file 'Credentials': '/home/ctw04304/Pedro_academy/actions-runner/.credentials'
[2025-04-03 09:16:22Z INFO HostContext] Well known directory 'Bin': '/home/ctw04304/Pedro_academy/actions-runner/bin'
[2025-04-03 09:16:22Z INFO HostContext] Well known directory 'Root': '/home/ctw04304/Pedro_academy/actions-runner'
[2025-04-03 09:16:22Z INFO HostContext] Well known config file 'Runner': '/home/ctw04304/Pedro_academy/actions-runner/.runner'
[2025-04-03 09:16:22Z INFO Listener] Runner is built for Linux (X64) - linux-x64.
[2025-04-03 09:16:22Z INFO Listener] RuntimeInformation: Ubuntu 24.04.2 LTS.
[2025-04-03 09:16:22Z INFO Listener] Version: 2.323.0
[2025-04-03 09:16:22Z INFO Listener] Commit: d8b82f44a9ec0258904d5869ae683c31d5aac299
[2025-04-03 09:16:22Z INFO Listener] Culture: 
[2025-04-03 09:16:22Z INFO Listener] UI Culture: 
[2025-04-03 09:16:22Z INFO HostContext] Well known directory 'Bin': '/home/ctw04304/Pedro_academy/actions-runner/bin'
[2025-04-03 09:16:22Z INFO HostContext] Well known directory 'Root': '/home/ctw04304/Pedro_academy/actions-runner'
[2025-04-03 09:16:22Z INFO Listener] Validating directory permissions for: '/home/ctw04304/Pedro_academy/actions-runner'
[2025-04-03 09:16:22Z INFO CommandLineParser] Parse
[2025-04-03 09:16:22Z INFO CommandLineParser] Parsing 1 args
[2025-04-03 09:16:22Z INFO CommandLineParser] parsing argument
[2025-04-03 09:16:22Z INFO CommandLineParser] HasArgs: False
[2025-04-03 09:16:22Z INFO CommandLineParser] Adding Command: run
[2025-04-03 09:16:22Z INFO Listener] Arguments parsed
[2025-04-03 09:16:22Z INFO Runner] ExecuteCommand
[2025-04-03 09:16:22Z INFO ConfigurationStore] currentAssemblyLocation: /home/ctw04304/Pedro_academy/actions-runner/bin/Runner.Listener.dll
[2025-04-03 09:16:22Z INFO HostContext] Well known directory 'Bin': '/home/ctw04304/Pedro_academy/actions-runner/bin'
[2025-04-03 09:16:22Z INFO ConfigurationStore] binPath: /home/ctw04304/Pedro_academy/actions-runner/bin
[2025-04-03 09:16:22Z INFO HostContext] Well known directory 'Bin': '/home/ctw04304/Pedro_academy/actions-runner/bin'
[2025-04-03 09:16:22Z INFO HostContext] Well known directory 'Root': '/home/ctw04304/Pedro_academy/actions-runner'
[2025-04-03 09:16:22Z INFO ConfigurationStore] RootFolder: /home/ctw04304/Pedro_academy/actions-runner
[2025-04-03 09:16:22Z INFO HostContext] Well known directory 'Bin': '/home/ctw04304/Pedro_academy/actions-runner/bin'
[2025-04-03 09:16:22Z INFO HostContext] Well known directory 'Root': '/home/ctw04304/Pedro_academy/actions-runner'
[2025-04-03 09:16:22Z INFO HostContext] Well known config file 'Runner': '/home/ctw04304/Pedro_academy/actions-runner/.runner'
[2025-04-03 09:16:22Z INFO ConfigurationStore] ConfigFilePath: /home/ctw04304/Pedro_academy/actions-runner/.runner
[2025-04-03 09:16:22Z INFO HostContext] Well known directory 'Bin': '/home/ctw04304/Pedro_academy/actions-runner/bin'
[2025-04-03 09:16:22Z INFO HostContext] Well known directory 'Root': '/home/ctw04304/Pedro_academy/actions-runner'
[2025-04-03 09:16:22Z INFO HostContext] Well known config file 'MigratedRunner': '/home/ctw04304/Pedro_academy/actions-runner/.runner_migrated'
[2025-04-03 09:16:22Z INFO ConfigurationStore] MigratedConfigFilePath: /home/ctw04304/Pedro_academy/actions-runner/.runner_migrated
[2025-04-03 09:16:22Z INFO HostContext] Well known directory 'Bin': '/home/ctw04304/Pedro_academy/actions-runner/bin'
[2025-04-03 09:16:22Z INFO HostContext] Well known directory 'Root': '/home/ctw04304/Pedro_academy/actions-runner'
[2025-04-03 09:16:22Z INFO HostContext] Well known config file 'Credentials': '/home/ctw04304/Pedro_academy/actions-runner/.credentials'
[2025-04-03 09:16:22Z INFO ConfigurationStore] CredFilePath: /home/ctw04304/Pedro_academy/actions-runner/.credentials
[2025-04-03 09:16:22Z INFO HostContext] Well known directory 'Bin': '/home/ctw04304/Pedro_academy/actions-runner/bin'
[2025-04-03 09:16:22Z INFO HostContext] Well known directory 'Root': '/home/ctw04304/Pedro_academy/actions-runner'
[2025-04-03 09:16:22Z INFO HostContext] Well known config file 'MigratedCredentials': '/home/ctw04304/Pedro_academy/actions-runner/.credentials_migrated'
[2025-04-03 09:16:22Z INFO ConfigurationStore] MigratedCredFilePath: /home/ctw04304/Pedro_academy/actions-runner/.credentials_migrated
[2025-04-03 09:16:22Z INFO HostContext] Well known directory 'Bin': '/home/ctw04304/Pedro_academy/actions-runner/bin'
[2025-04-03 09:16:22Z INFO HostContext] Well known directory 'Root': '/home/ctw04304/Pedro_academy/actions-runner'
[2025-04-03 09:16:22Z INFO HostContext] Well known config file 'Service': '/home/ctw04304/Pedro_academy/actions-runner/.service'
[2025-04-03 09:16:22Z INFO ConfigurationStore] ServiceConfigFilePath: /home/ctw04304/Pedro_academy/actions-runner/.service
[2025-04-03 09:16:22Z INFO CommandSettings] Flag 'help': 'False'
[2025-04-03 09:16:22Z INFO CommandSettings] Flag 'version': 'False'
[2025-04-03 09:16:22Z INFO CommandSettings] Flag 'commit': 'False'
[2025-04-03 09:16:22Z INFO CommandSettings] Flag 'check': 'False'
[2025-04-03 09:16:22Z INFO CommandSettings] Command 'configure': 'False'
[2025-04-03 09:16:22Z INFO CommandSettings] Command 'remove': 'False'
[2025-04-03 09:16:22Z INFO CommandSettings] Command 'warmup': 'False'
[2025-04-03 09:16:22Z INFO ConfigurationManager] LoadSettings
[2025-04-03 09:16:22Z INFO ConfigurationStore] IsConfigured()
[2025-04-03 09:16:22Z INFO ConfigurationStore] IsConfigured: True
[2025-04-03 09:16:22Z INFO ConfigurationManager] Is configured: True
[2025-04-03 09:16:22Z INFO ConfigurationStore] Read setting file: 299 chars
[2025-04-03 09:16:22Z INFO ConfigurationManager] Settings Loaded
[2025-04-03 09:16:22Z INFO ConfigurationStore] IsServiceConfigured()
[2025-04-03 09:16:22Z INFO ConfigurationStore] IsServiceConfigured: False
[2025-04-03 09:16:22Z INFO CommandSettings] Command 'run': 'True'
[2025-04-03 09:16:22Z INFO ConfigurationStore] IsConfigured()
[2025-04-03 09:16:22Z INFO ConfigurationStore] IsConfigured: True
[2025-04-03 09:16:22Z INFO ConfigurationManager] Is configured: True
[2025-04-03 09:16:22Z INFO Runner] Could not parse the argument value '' for StartupType. Defaulting to Manual
[2025-04-03 09:16:22Z INFO Runner] Set runner startup type - Manual
[2025-04-03 09:16:22Z INFO CommandSettings] Flag 'once': 'False'
[2025-04-03 09:16:22Z INFO CommandSettings] Flag 'once': 'False'
[2025-04-03 09:16:22Z INFO Runner] RunAsync
[2025-04-03 09:16:22Z INFO ConfigurationManager] LoadSettings
[2025-04-03 09:16:22Z INFO ConfigurationStore] IsConfigured()
[2025-04-03 09:16:22Z INFO ConfigurationStore] IsConfigured: True
[2025-04-03 09:16:22Z INFO ConfigurationManager] Is configured: True
[2025-04-03 09:16:22Z INFO ConfigurationManager] Settings Loaded
[2025-04-03 09:16:22Z INFO MessageListener] {
  "AgentId": 2,
  "AgentName": "L-PW019FZ5",
  "PoolId": 1,
  "PoolName": "Default",
  "ServerUrl": "https://pipelinesghubeus25.actions.githubusercontent.com/aYdrCClxM0jnOeoIXGyuW2rsWJJBFzt3AZSCkTA70ziysUBiiN/",
  "GitHubUrl": "https://github.com/CTW04304/Pedro_academy",
  "WorkFolder": "_work"
}
[2025-04-03 09:16:22Z INFO MessageListener] Loading Credentials
[2025-04-03 09:16:22Z INFO ConfigurationStore] HasCredentials()
[2025-04-03 09:16:22Z INFO ConfigurationStore] stored True
[2025-04-03 09:16:22Z INFO CredentialManager] GetCredentialProvider
[2025-04-03 09:16:22Z INFO CredentialManager] Creating type OAuth
[2025-04-03 09:16:22Z INFO CredentialManager] Creating credential type: OAuth
[2025-04-03 09:16:22Z INFO HostContext] Well known directory 'Bin': '/home/ctw04304/Pedro_academy/actions-runner/bin'
[2025-04-03 09:16:22Z INFO HostContext] Well known directory 'Root': '/home/ctw04304/Pedro_academy/actions-runner'
[2025-04-03 09:16:22Z INFO HostContext] Well known config file 'RSACredentials': '/home/ctw04304/Pedro_academy/actions-runner/.credentials_rsaparams'
[2025-04-03 09:16:22Z INFO RSAFileKeyManager] Loading RSA key parameters from file /home/ctw04304/Pedro_academy/actions-runner/.credentials_rsaparams
[2025-04-03 09:16:22Z INFO MessageListener] Attempt to create session.
[2025-04-03 09:16:22Z INFO MessageListener] Connecting to the Runner Server...
[2025-04-03 09:16:22Z INFO RunnerServer] EstablishVssConnection
[2025-04-03 09:16:22Z INFO RunnerServer] Establish connection with 100 seconds timeout.
[2025-04-03 09:16:22Z INFO GitHubActionsService] Starting operation Location.GetConnectionData
[2025-04-03 09:16:22Z INFO RunnerServer] EstablishVssConnection
[2025-04-03 09:16:22Z INFO RunnerServer] Establish connection with 60 seconds timeout.
[2025-04-03 09:16:22Z INFO GitHubActionsService] Starting operation Location.GetConnectionData
[2025-04-03 09:16:22Z INFO RunnerServer] EstablishVssConnection
[2025-04-03 09:16:22Z INFO RunnerServer] Establish connection with 60 seconds timeout.
[2025-04-03 09:16:22Z INFO GitHubActionsService] Starting operation Location.GetConnectionData
[2025-04-03 09:16:23Z INFO GitHubActionsService] Finished operation Location.GetConnectionData
[2025-04-03 09:16:23Z INFO GitHubActionsService] Finished operation Location.GetConnectionData
[2025-04-03 09:16:23Z INFO GitHubActionsService] Finished operation Location.GetConnectionData
[2025-04-03 09:16:23Z INFO MessageListener] VssConnection created
[2025-04-03 09:16:23Z INFO Terminal] WRITE LINE: 
[2025-04-03 09:16:23Z INFO Terminal] WRITE LINE: 
[2025-04-03 09:16:23Z INFO RSAFileKeyManager] Loading RSA key parameters from file /home/ctw04304/Pedro_academy/actions-runner/.credentials_rsaparams
[2025-04-03 09:16:23Z INFO RSAFileKeyManager] Loading RSA key parameters from file /home/ctw04304/Pedro_academy/actions-runner/.credentials_rsaparams
[2025-04-03 09:16:24Z INFO GitHubActionsService] AAD Correlation ID for this token request: Unknown
[2025-04-03 09:16:24Z INFO MessageListener] Session created.
[2025-04-03 09:16:24Z INFO Terminal] WRITE LINE: Current runner version: '2.323.0'
[2025-04-03 09:16:24Z INFO Terminal] WRITE LINE: 2025-04-03 09:16:24Z: Listening for Jobs
[2025-04-03 09:16:24Z INFO JobDispatcher] Set runner/worker IPC timeout to 30 seconds.
[2025-04-03 09:16:24Z INFO RSAFileKeyManager] Loading RSA key parameters from file /home/ctw04304/Pedro_academy/actions-runner/.credentials_rsaparams
[2025-04-03 09:16:25Z INFO GitHubActionsService] AAD Correlation ID for this token request: Unknown
